The C compiler identification could not be found in "/home/cshome/m/mismith/COSC342/lab09-OpenGLContinuation/build/CMakeFiles/3.8.0-rc1/CompilerIdC/._CompilerIdC.build"

The CXX compiler identification could not be found in "/home/cshome/m/mismith/COSC342/lab09-OpenGLContinuation/build/CMakeFiles/3.8.0-rc1/CompilerIdCXX/._CompilerIdCXX.build"

Determining size of off64_t failed with the following output:
Change Dir: /home/cshome/m/mismith/COSC342/lab09-OpenGLContinuation/build/CMakeFiles/CMakeTmp

Run Build Command:"/usr/bin/xcodebuild" "-project" "CMAKE_TRY_COMPILE.xcodeproj" "build" "-target" "cmTC_5fbd3" "-configuration" "Debug"
2017-05-01 16:28:51.941 xcodebuild[17139:188935] [MT] DVTSDK: Warning: SDK path collision for path '<DVTFilePath:0x7fdbbbc405e0:'/Applications/Xcode.app/Contents/Developer/Platforms/WatchOS.platform/Developer/SDKs/WatchOS3.1.sdk'>': SDK with name 'watchos3.1' being superceded by SDK with 'watchos3.1'.
2017-05-01 16:28:51.944 xcodebuild[17139:188935] [MT] DVTSDK: Warning: SDK path collision for path '<DVTFilePath:0x7fdbbbc56870:'/Applications/Xcode.app/Contents/Developer/Platforms/AppleTVSimulator.platform/Developer/SDKs/AppleTVSimulator10.1.sdk'>': SDK with name 'appletvsimulator10.1' being superceded by SDK with 'appletvsimulator10.1'.
2017-05-01 16:28:51.945 xcodebuild[17139:188935] [MT] DVTSDK: Warning: SDK path collision for path '<DVTFilePath:0x7fdbbbd08040:'/Applications/Xcode.app/Contents/Developer/Platforms/WatchSimulator.platform/Developer/SDKs/WatchSimulator3.1.sdk'>': SDK with name 'watchsimulator3.1' being superceded by SDK with 'watchsimulator3.1'.
2017-05-01 16:28:51.946 xcodebuild[17139:188935] [MT] DVTSDK: Warning: SDK path collision for path '<DVTFilePath:0x7fdbbbd0aae0:'/Applications/Xcode.app/Contents/Developer/Platforms/AppleTVOS.platform/Developer/SDKs/AppleTVOS10.1.sdk'>': SDK with name 'appletvos10.1' being superceded by SDK with 'appletvos10.1'.
2017-05-01 16:28:52.074 xcodebuild[17139:188935] [MT] DVTPlugInManager: Required plug-in compatibility UUID E0A62D1F-3C18-4D74-BFE5-A4167D643966 for IDEiOSProjectEditor.ideplugin (com.apple.dt.IDE.IDEiOSProjectEditor) not present
2017-05-01 16:28:52.076 xcodebuild[17139:188935] [MT] DVTPlugInManager: Required plug-in compatibility UUID E0A62D1F-3C18-4D74-BFE5-A4167D643966 for iCloudSupportTouch.ideplugin (com.apple.dt.IDE.iCloudSupportTouch) not present
=== BUILD TARGET cmTC_5fbd3 OF PROJECT CMAKE_TRY_COMPILE WITH CONFIGURATION Debug ===

Check dependencies

Write auxiliary files
/bin/mkdir -p /home/cshome/m/mismith/COSC342/lab09-OpenGLContinuation/build/CMakeFiles/CMakeTmp/CMAKE_TRY_COMPILE.build/Debug/cmTC_5fbd3.build/Objects-normal/x86_64
write-file /home/cshome/m/mismith/COSC342/lab09-OpenGLContinuation/build/CMakeFiles/CMakeTmp/CMAKE_TRY_COMPILE.build/Debug/cmTC_5fbd3.build/Objects-normal/x86_64/cmTC_5fbd3.LinkFileList

CompileC CMAKE_TRY_COMPILE.build/Debug/cmTC_5fbd3.build/Objects-normal/x86_64/OFF64_T.o /home/cshome/m/mismith/COSC342/lab09-OpenGLContinuation/build/CMakeFiles/CheckTypeSize/OFF64_T.c normal x86_64 c com.apple.compilers.llvm.clang.1_0.compiler
    cd /home/cshome/m/mismith/COSC342/lab09-OpenGLContinuation/build/CMakeFiles/CMakeTmp
    export LANG=en_US.US-ASCII
    /Applications/Xcode.app/Contents/Developer/Toolchains/XcodeDefault.xctoolchain/usr/bin/clang -x c -arch x86_64 -fmessage-length=0 -fdiagnostics-show-note-include-stack -fmacro-backtrace-limit=0 -Wno-trigraphs -fpascal-strings -O0 -Wno-missing-field-initializers -Wno-missing-prototypes -Wno-return-type -Wno-missing-braces -Wparentheses -Wswitch -Wno-unused-function -Wno-unused-label -Wno-unused-parameter -Wno-unused-variable -Wunused-value -Wno-empty-body -Wno-uninitialized -Wno-unknown-pragmas -Wno-shadow -Wno-four-char-constants -Wno-conversion -Wno-constant-conversion -Wno-int-conversion -Wno-bool-conversion -Wno-enum-conversion -Wno-shorten-64-to-32 -Wpointer-sign -Wno-newline-eof -DCMAKE_INTDIR=\"Debug\" -D_LARGEFILE64_SOURCE=1 -DHAVE_SYS_TYPES_H -DHAVE_STDINT_H -DHAVE_STDDEF_H -isysroot /Applications/Xcode.app/Contents/Developer/Platforms/MacOSX.platform/Developer/SDKs/MacOSX10.12.sdk -fasm-blocks -fstrict-aliasing -Wdeprecated-declarations -mmacosx-version-min=10.12 -g -Wno-sign-conversion -Wno-infinite-recursion -I/home/cshome/m/mismith/COSC342/lab09-OpenGLContinuation/build/CMakeFiles/CMakeTmp/Debug/include -I/home/cshome/m/mismith/COSC342/lab09-OpenGLContinuation/build/CMakeFiles/CMakeTmp/CMAKE_TRY_COMPILE.build/Debug/cmTC_5fbd3.build/DerivedSources/x86_64 -I/home/cshome/m/mismith/COSC342/lab09-OpenGLContinuation/build/CMakeFiles/CMakeTmp/CMAKE_TRY_COMPILE.build/Debug/cmTC_5fbd3.build/DerivedSources -Wmost -Wno-four-char-constants -Wno-unknown-pragmas -F/home/cshome/m/mismith/COSC342/lab09-OpenGLContinuation/build/CMakeFiles/CMakeTmp/Debug -MMD -MT dependencies -MF /home/cshome/m/mismith/COSC342/lab09-OpenGLContinuation/build/CMakeFiles/CMakeTmp/CMAKE_TRY_COMPILE.build/Debug/cmTC_5fbd3.build/Objects-normal/x86_64/OFF64_T.d --serialize-diagnostics /home/cshome/m/mismith/COSC342/lab09-OpenGLContinuation/build/CMakeFiles/CMakeTmp/CMAKE_TRY_COMPILE.build/Debug/cmTC_5fbd3.build/Objects-normal/x86_64/OFF64_T.dia -c /home/cshome/m/mismith/COSC342/lab09-OpenGLContinuation/build/CMakeFiles/CheckTypeSize/OFF64_T.c -o /home/cshome/m/mismith/COSC342/lab09-OpenGLContinuation/build/CMakeFiles/CMakeTmp/CMAKE_TRY_COMPILE.build/Debug/cmTC_5fbd3.build/Objects-normal/x86_64/OFF64_T.o
/home/cshome/m/mismith/COSC342/lab09-OpenGLContinuation/build/CMakeFiles/CheckTypeSize/OFF64_T.c:19:12: error: use of undeclared identifier 'off64_t'
  ('0' + ((SIZE / 10000)%10)),
           ^
/home/cshome/m/mismith/COSC342/lab09-OpenGLContinuation/build/CMakeFiles/CheckTypeSize/OFF64_T.c:17:22: note: expanded from macro 'SIZE'
#define SIZE (sizeof(off64_t))
                     ^
/home/cshome/m/mismith/COSC342/lab09-OpenGLContinuation/build/CMakeFiles/CheckTypeSize/OFF64_T.c:20:12: error: use of undeclared identifier 'off64_t'
  ('0' + ((SIZE / 1000)%10)),
           ^
/home/cshome/m/mismith/COSC342/lab09-OpenGLContinuation/build/CMakeFiles/CheckTypeSize/OFF64_T.c:17:22: note: expanded from macro 'SIZE'
#define SIZE (sizeof(off64_t))
                     ^
/home/cshome/m/mismith/COSC342/lab09-OpenGLContinuation/build/CMakeFiles/CheckTypeSize/OFF64_T.c:21:12: error: use of undeclared identifier 'off64_t'
  ('0' + ((SIZE / 100)%10)),
           ^
/home/cshome/m/mismith/COSC342/lab09-OpenGLContinuation/build/CMakeFiles/CheckTypeSize/OFF64_T.c:17:22: note: expanded from macro 'SIZE'
#define SIZE (sizeof(off64_t))
                     ^
/home/cshome/m/mismith/COSC342/lab09-OpenGLContinuation/build/CMakeFiles/CheckTypeSize/OFF64_T.c:22:12: error: use of undeclared identifier 'off64_t'
  ('0' + ((SIZE / 10)%10)),
           ^
/home/cshome/m/mismith/COSC342/lab09-OpenGLContinuation/build/CMakeFiles/CheckTypeSize/OFF64_T.c:17:22: note: expanded from macro 'SIZE'
#define SIZE (sizeof(off64_t))
                     ^
/home/cshome/m/mismith/COSC342/lab09-OpenGLContinuation/build/CMakeFiles/CheckTypeSize/OFF64_T.c:23:12: error: use of undeclared identifier 'off64_t'
  ('0' +  (SIZE    % 10)),
           ^
/home/cshome/m/mismith/COSC342/lab09-OpenGLContinuation/build/CMakeFiles/CheckTypeSize/OFF64_T.c:17:22: note: expanded from macro 'SIZE'
#define SIZE (sizeof(off64_t))
                     ^
5 errors generated.

** BUILD FAILED **


The following build commands failed:
	CompileC CMAKE_TRY_COMPILE.build/Debug/cmTC_5fbd3.build/Objects-normal/x86_64/OFF64_T.o /home/cshome/m/mismith/COSC342/lab09-OpenGLContinuation/build/CMakeFiles/CheckTypeSize/OFF64_T.c normal x86_64 c com.apple.compilers.llvm.clang.1_0.compiler
(1 failure)

/home/cshome/m/mismith/COSC342/lab09-OpenGLContinuation/build/CMakeFiles/CheckTypeSize/OFF64_T.c:
#include <sys/types.h>
#include <stdint.h>
#include <stddef.h>


#undef KEY
#if defined(__i386)
# define KEY '_','_','i','3','8','6'
#elif defined(__x86_64)
# define KEY '_','_','x','8','6','_','6','4'
#elif defined(__ppc__)
# define KEY '_','_','p','p','c','_','_'
#elif defined(__ppc64__)
# define KEY '_','_','p','p','c','6','4','_','_'
#endif

#define SIZE (sizeof(off64_t))
char info_size[] =  {'I', 'N', 'F', 'O', ':', 's','i','z','e','[',
  ('0' + ((SIZE / 10000)%10)),
  ('0' + ((SIZE / 1000)%10)),
  ('0' + ((SIZE / 100)%10)),
  ('0' + ((SIZE / 10)%10)),
  ('0' +  (SIZE    % 10)),
  ']',
#ifdef KEY
  ' ','k','e','y','[', KEY, ']',
#endif
  '\0'};

#ifdef __CLASSIC_C__
int main(argc, argv) int argc; char *argv[];
#else
int main(int argc, char *argv[])
#endif
{
  int require = 0;
  require += info_size[argc];
  (void)argv;
  return require;
}


